Using pre-set license
Built from '2020.3/staging' branch; Version is '2020.3.0f1 (c7b5465681fb) revision 13088070'; Using compiler version '192528614'; Build Type 'Release'
OS: 'Windows 10 Home Single Language; OS build 19042.1237; Version 2009; 64bit' Language: 'es' Physical Memory: 12157 MB
BatchMode: 1, IsHumanControllingUs: 0, StartBugReporterOnCrash: 0, Is64bit: 1, IsPro: 0

 COMMAND LINE ARGUMENTS:
C:\Program Files\Unity\Hub\Editor\2020.3.0f1\Editor\Unity.exe
-adb2
-batchMode
-noUpm
-name
AssetImportWorker0
-projectPath
E:/Predator Pablo/CocoSchool/Redes/Tanks
-logFile
Logs/AssetImportWorker0.log
-srvPort
61743
Successfully changed project path to: E:/Predator Pablo/CocoSchool/Redes/Tanks
E:/Predator Pablo/CocoSchool/Redes/Tanks
Using Asset Import Pipeline V2.
Refreshing native plugins compatible for Editor in 29.75 ms, found 0 plugins.
Preloading 0 native plugins for Editor in 0.00 ms.
Initialize engine version: 2020.3.0f1 (c7b5465681fb)
[Subsystems] Discovering subsystems at path C:/Program Files/Unity/Hub/Editor/2020.3.0f1/Editor/Data/Resources/UnitySubsystems
[Subsystems] Discovering subsystems at path E:/Predator Pablo/CocoSchool/Redes/Tanks/Assets
GfxDevice: creating device client; threaded=0
Direct3D:
    Version:  Direct3D 11.0 [level 11.1]
    Renderer: NVIDIA GeForce RTX 2060 (ID=0x1f15)
    Vendor:   
    VRAM:     5980 MB
    Driver:   27.21.14.6589
Initialize mono
Mono path[0] = 'C:/Program Files/Unity/Hub/Editor/2020.3.0f1/Editor/Data/Managed'
Mono path[1] = 'C:/Program Files/Unity/Hub/Editor/2020.3.0f1/Editor/Data/MonoBleedingEdge/lib/mono/unityjit'
Mono config path = 'C:/Program Files/Unity/Hub/Editor/2020.3.0f1/Editor/Data/MonoBleedingEdge/etc'
Using monoOptions --debugger-agent=transport=dt_socket,embedding=1,server=y,suspend=n,address=127.0.0.1:56708
Begin MonoManager ReloadAssembly
Registering precompiled unity dll's ...
Register platform support module: C:/Program Files/Unity/Hub/Editor/2020.3.0f1/Editor/Data/PlaybackEngines/WindowsStandaloneSupport/UnityEditor.WindowsStandalone.Extensions.dll
Registered in 0.003279 seconds.
Native extension for WindowsStandalone target not found
Refreshing native plugins compatible for Editor in 31.93 ms, found 0 plugins.
Preloading 0 native plugins for Editor in 0.00 ms.
Invoked RoslynAnalysisRunner static constructor.
RoslynAnalysisRunner will not be running.
RoslynAnalysisRunner has terminated.
Mono: successfully reloaded assembly
- Completed reload, in  1.903 seconds
Platform modules already initialized, skipping
Registering precompiled user dll's ...
Registered in 0.001648 seconds.
Begin MonoManager ReloadAssembly
Native extension for WindowsStandalone target not found
Refreshing native plugins compatible for Editor in 32.60 ms, found 0 plugins.
Preloading 0 native plugins for Editor in 0.00 ms.
Invoked RoslynAnalysisRunner static constructor.
RoslynAnalysisRunner will not be running.
RoslynAnalysisRunner has terminated.
Mono: successfully reloaded assembly
- Completed reload, in  1.023 seconds
Platform modules already initialized, skipping
========================================================================
Worker process is ready to serve import requests
Launched and connected shader compiler UnityShaderCompiler.exe after 0.05 seconds
Refreshing native plugins compatible for Editor in 0.38 ms, found 0 plugins.
Preloading 0 native plugins for Editor in 0.00 ms.
Unloading 1429 Unused Serialized files (Serialized files now loaded: 0)
System memory in use before: 69.5 MB.
System memory in use after: 69.5 MB.

Unloading 12 unused Assets to reduce memory usage. Loaded Objects now: 1875.
Total: 3.118000 ms (FindLiveObjects: 0.336500 ms CreateObjectMapping: 0.129500 ms MarkObjects: 2.553800 ms  DeleteObjects: 0.095600 ms)

========================================================================
Received Import Request.
  path: Assets/tanks_new_unity_input-main 1/Assets/Scripts/Timer.cs
  artifactKey: Guid(c91ae1daacf66744b83ab5577ac27544) Importer(815301076,1909f56bfc062723c751e8b465ee728b)
Start importing Assets/tanks_new_unity_input-main 1/Assets/Scripts/Timer.cs using Guid(c91ae1daacf66744b83ab5577ac27544) Importer(815301076,1909f56bfc062723c751e8b465ee728b)  -> (artifact id: '0a5b7692da01ddd8aa26862100c37424') in 0.030186 seconds
  Import took 0.033203 seconds .

========================================================================
Received Import Request.
  Time since last request: 357.813793 seconds.
  path: Assets/tanks_new_unity_input-main 1/Assets/Scripts/Timer.cs
  artifactKey: Guid(c91ae1daacf66744b83ab5577ac27544) Importer(815301076,1909f56bfc062723c751e8b465ee728b)
Start importing Assets/tanks_new_unity_input-main 1/Assets/Scripts/Timer.cs using Guid(c91ae1daacf66744b83ab5577ac27544) Importer(815301076,1909f56bfc062723c751e8b465ee728b)  -> (artifact id: '447094ced1d81ab3eee53d0d8366505d') in 0.005498 seconds
  Import took 0.030036 seconds .

========================================================================
Received Import Request.
  Time since last request: 0.113604 seconds.
  path: Assets/tanks_new_unity_input-main 1/Assets/Scripts/Timer.cs
  artifactKey: Guid(c91ae1daacf66744b83ab5577ac27544) Importer(815301076,1909f56bfc062723c751e8b465ee728b)
Start importing Assets/tanks_new_unity_input-main 1/Assets/Scripts/Timer.cs using Guid(c91ae1daacf66744b83ab5577ac27544) Importer(815301076,1909f56bfc062723c751e8b465ee728b)  -> (artifact id: '447094ced1d81ab3eee53d0d8366505d') in 0.005463 seconds
  Import took 0.035321 seconds .

========================================================================
Received Import Request.
  Time since last request: 6.324210 seconds.
  path: Assets/tanks_new_unity_input-main 1/Assets/Scripts/Timer.cs
  artifactKey: Guid(c91ae1daacf66744b83ab5577ac27544) Importer(815301076,1909f56bfc062723c751e8b465ee728b)
Start importing Assets/tanks_new_unity_input-main 1/Assets/Scripts/Timer.cs using Guid(c91ae1daacf66744b83ab5577ac27544) Importer(815301076,1909f56bfc062723c751e8b465ee728b)  -> (artifact id: 'b9f3c6400d4561c2e03e53d9c5d459d6') in 0.005028 seconds
  Import took 0.047244 seconds .

========================================================================
Received Import Request.
  Time since last request: 0.039698 seconds.
  path: Assets/tanks_new_unity_input-main 1/Assets/Scripts/Timer.cs
  artifactKey: Guid(c91ae1daacf66744b83ab5577ac27544) Importer(815301076,1909f56bfc062723c751e8b465ee728b)
Start importing Assets/tanks_new_unity_input-main 1/Assets/Scripts/Timer.cs using Guid(c91ae1daacf66744b83ab5577ac27544) Importer(815301076,1909f56bfc062723c751e8b465ee728b)  -> (artifact id: 'b9f3c6400d4561c2e03e53d9c5d459d6') in 0.006135 seconds
  Import took 0.009067 seconds .

========================================================================
Received Prepare
Registering precompiled user dll's ...
Registered in 0.001085 seconds.
Begin MonoManager ReloadAssembly
Native extension for WindowsStandalone target not found
Refreshing native plugins compatible for Editor in 0.36 ms, found 0 plugins.
Preloading 0 native plugins for Editor in 0.00 ms.
Invoked RoslynAnalysisRunner static constructor.
RoslynAnalysisRunner will not be running.
RoslynAnalysisRunner has terminated.
Mono: successfully reloaded assembly
- Completed reload, in  0.821 seconds
Platform modules already initialized, skipping
Refreshing native plugins compatible for Editor in 0.30 ms, found 0 plugins.
Preloading 0 native plugins for Editor in 0.00 ms.
Unloading 1411 Unused Serialized files (Serialized files now loaded: 0)
System memory in use before: 68.6 MB.
System memory in use after: 68.6 MB.

Unloading 5 unused Assets to reduce memory usage. Loaded Objects now: 1878.
Total: 2.063000 ms (FindLiveObjects: 0.180600 ms CreateObjectMapping: 0.034200 ms MarkObjects: 1.760700 ms  DeleteObjects: 0.085700 ms)

========================================================================
Received Prepare
Registering precompiled user dll's ...
Registered in 0.001238 seconds.
Begin MonoManager ReloadAssembly
Native extension for WindowsStandalone target not found
Refreshing native plugins compatible for Editor in 0.31 ms, found 0 plugins.
Preloading 0 native plugins for Editor in 0.00 ms.
Invoked RoslynAnalysisRunner static constructor.
RoslynAnalysisRunner will not be running.
RoslynAnalysisRunner has terminated.
Mono: successfully reloaded assembly
- Completed reload, in  0.812 seconds
Platform modules already initialized, skipping
Refreshing native plugins compatible for Editor in 0.29 ms, found 0 plugins.
Preloading 0 native plugins for Editor in 0.00 ms.
Unloading 1411 Unused Serialized files (Serialized files now loaded: 0)
System memory in use before: 68.6 MB.
System memory in use after: 68.7 MB.

Unloading 5 unused Assets to reduce memory usage. Loaded Objects now: 1881.
Total: 2.016800 ms (FindLiveObjects: 0.210000 ms CreateObjectMapping: 0.036400 ms MarkObjects: 1.698500 ms  DeleteObjects: 0.070500 ms)

========================================================================
Received Prepare
Registering precompiled user dll's ...
Registered in 0.001062 seconds.
Begin MonoManager ReloadAssembly
Native extension for WindowsStandalone target not found
Refreshing native plugins compatible for Editor in 0.30 ms, found 0 plugins.
Preloading 0 native plugins for Editor in 0.00 ms.
Invoked RoslynAnalysisRunner static constructor.
RoslynAnalysisRunner will not be running.
RoslynAnalysisRunner has terminated.
Mono: successfully reloaded assembly
- Completed reload, in  0.813 seconds
Platform modules already initialized, skipping
Refreshing native plugins compatible for Editor in 0.32 ms, found 0 plugins.
Preloading 0 native plugins for Editor in 0.00 ms.
Unloading 1411 Unused Serialized files (Serialized files now loaded: 0)
System memory in use before: 68.6 MB.
System memory in use after: 68.7 MB.

Unloading 5 unused Assets to reduce memory usage. Loaded Objects now: 1884.
Total: 2.316500 ms (FindLiveObjects: 0.223500 ms CreateObjectMapping: 0.035100 ms MarkObjects: 1.961400 ms  DeleteObjects: 0.094100 ms)

========================================================================
Received Import Request.
  Time since last request: 721.996461 seconds.
  path: Assets/tanks_new_unity_input-main 1/Assets/Prefabs/Tank.prefab
  artifactKey: Guid(35f5654feb3ab024cb98f08396a44073) Importer(815301076,1909f56bfc062723c751e8b465ee728b)
Start importing Assets/tanks_new_unity_input-main 1/Assets/Prefabs/Tank.prefab using Guid(35f5654feb3ab024cb98f08396a44073) Importer(815301076,1909f56bfc062723c751e8b465ee728b)  -> (artifact id: 'deab12fe6fe078ade6c85d025bdae8fa') in 0.165742 seconds
  Import took 0.168905 seconds .

========================================================================
Received Import Request.
  Time since last request: 5.408051 seconds.
  path: Assets/tanks_new_unity_input-main 1/Assets/Prefabs/Tank.prefab
  artifactKey: Guid(35f5654feb3ab024cb98f08396a44073) Importer(815301076,1909f56bfc062723c751e8b465ee728b)
Start importing Assets/tanks_new_unity_input-main 1/Assets/Prefabs/Tank.prefab using Guid(35f5654feb3ab024cb98f08396a44073) Importer(815301076,1909f56bfc062723c751e8b465ee728b)  -> (artifact id: '24d38df0c8bb22930c7ae83f4d5379b2') in 0.039715 seconds
  Import took 0.092776 seconds .

========================================================================
Received Import Request.
  Time since last request: 1.466190 seconds.
  path: Assets/tanks_new_unity_input-main 1/Assets/Prefabs/Tank.prefab
  artifactKey: Guid(35f5654feb3ab024cb98f08396a44073) Importer(815301076,1909f56bfc062723c751e8b465ee728b)
Start importing Assets/tanks_new_unity_input-main 1/Assets/Prefabs/Tank.prefab using Guid(35f5654feb3ab024cb98f08396a44073) Importer(815301076,1909f56bfc062723c751e8b465ee728b)  -> (artifact id: '64a33a356bbfa86922b468f543fc19fc') in 0.038164 seconds
  Import took 0.264312 seconds .

========================================================================
Received Import Request.
  Time since last request: 9.841805 seconds.
  path: Assets/tanks_new_unity_input-main 1/Assets/Prefabs/Tank.prefab
  artifactKey: Guid(35f5654feb3ab024cb98f08396a44073) Importer(815301076,1909f56bfc062723c751e8b465ee728b)
Start importing Assets/tanks_new_unity_input-main 1/Assets/Prefabs/Tank.prefab using Guid(35f5654feb3ab024cb98f08396a44073) Importer(815301076,1909f56bfc062723c751e8b465ee728b)  -> (artifact id: '723d26c6ea127592837a4d3c4b3134be') in 0.036162 seconds
  Import took 0.071154 seconds .

========================================================================
Received Import Request.
  Time since last request: 24.523016 seconds.
  path: Assets/tanks_new_unity_input-main 1/Assets/Fonts/Bowlby_One
  artifactKey: Guid(6a0768649e66d5a4dab9069eea2f3d28) Importer(815301076,1909f56bfc062723c751e8b465ee728b)
Start importing Assets/tanks_new_unity_input-main 1/Assets/Fonts/Bowlby_One using Guid(6a0768649e66d5a4dab9069eea2f3d28) Importer(815301076,1909f56bfc062723c751e8b465ee728b)  -> (artifact id: '7f00f36735f2449190c76324cbd80a19') in 0.089324 seconds
  Import took 0.117654 seconds .

========================================================================
Received Import Request.
  Time since last request: 0.000228 seconds.
  path: Assets/tanks_new_unity_input-main 1/Assets/Fonts/Bowlby_One/BowlbyOne-Regular.ttf
  artifactKey: Guid(918f3434a90f2164881aba058787bdb2) Importer(815301076,1909f56bfc062723c751e8b465ee728b)
Start importing Assets/tanks_new_unity_input-main 1/Assets/Fonts/Bowlby_One/BowlbyOne-Regular.ttf using Guid(918f3434a90f2164881aba058787bdb2) Importer(815301076,1909f56bfc062723c751e8b465ee728b)  -> (artifact id: '84523027decaa9405fc76e4c17fb2653') in 0.055901 seconds
  Import took 0.081390 seconds .

========================================================================
Received Import Request.
  Time since last request: 147.044792 seconds.
  path: Assets/tanks_new_unity_input-main 1/Assets/Prefabs/Tank.prefab
  artifactKey: Guid(35f5654feb3ab024cb98f08396a44073) Importer(815301076,1909f56bfc062723c751e8b465ee728b)
Start importing Assets/tanks_new_unity_input-main 1/Assets/Prefabs/Tank.prefab using Guid(35f5654feb3ab024cb98f08396a44073) Importer(815301076,1909f56bfc062723c751e8b465ee728b)  -> (artifact id: '7fe52e72bef2c30ab00e611aeee868d2') in 0.080265 seconds
  Import took 0.083436 seconds .

========================================================================
Received Prepare
Registering precompiled user dll's ...
Registered in 0.001504 seconds.
Begin MonoManager ReloadAssembly
Native extension for WindowsStandalone target not found
Refreshing native plugins compatible for Editor in 0.31 ms, found 0 plugins.
Preloading 0 native plugins for Editor in 0.00 ms.
Invoked RoslynAnalysisRunner static constructor.
RoslynAnalysisRunner will not be running.
RoslynAnalysisRunner has terminated.
Mono: successfully reloaded assembly
- Completed reload, in  0.832 seconds
Platform modules already initialized, skipping
Refreshing native plugins compatible for Editor in 0.39 ms, found 0 plugins.
Preloading 0 native plugins for Editor in 0.00 ms.
Unloading 1411 Unused Serialized files (Serialized files now loaded: 0)
System memory in use before: 72.1 MB.
System memory in use after: 72.2 MB.

Unloading 5 unused Assets to reduce memory usage. Loaded Objects now: 1931.
Total: 2.423500 ms (FindLiveObjects: 0.312600 ms CreateObjectMapping: 0.086400 ms MarkObjects: 1.957200 ms  DeleteObjects: 0.065100 ms)

========================================================================
Received Import Request.
  Time since last request: 14.520950 seconds.
  path: Assets/tanks_new_unity_input-main 1/Assets/Prefabs/Tank.prefab
  artifactKey: Guid(35f5654feb3ab024cb98f08396a44073) Importer(815301076,1909f56bfc062723c751e8b465ee728b)
Start importing Assets/tanks_new_unity_input-main 1/Assets/Prefabs/Tank.prefab using Guid(35f5654feb3ab024cb98f08396a44073) Importer(815301076,1909f56bfc062723c751e8b465ee728b)  -> (artifact id: 'd443d2dda30be2a643f7e555e47fb7ba') in 0.121498 seconds
  Import took 0.148556 seconds .

========================================================================
Received Import Request.
  Time since last request: 6.418488 seconds.
  path: Assets/tanks_new_unity_input-main 1/Assets/Prefabs/Tank.prefab
  artifactKey: Guid(35f5654feb3ab024cb98f08396a44073) Importer(815301076,1909f56bfc062723c751e8b465ee728b)
Start importing Assets/tanks_new_unity_input-main 1/Assets/Prefabs/Tank.prefab using Guid(35f5654feb3ab024cb98f08396a44073) Importer(815301076,1909f56bfc062723c751e8b465ee728b)  -> (artifact id: '5ce99e0a9132e3fce7da06c6aa4fe15b') in 0.040288 seconds
  Import took 0.174584 seconds .

========================================================================
Received Prepare
Registering precompiled user dll's ...
Registered in 0.001808 seconds.
Begin MonoManager ReloadAssembly
Native extension for WindowsStandalone target not found
Refreshing native plugins compatible for Editor in 0.34 ms, found 0 plugins.
Preloading 0 native plugins for Editor in 0.00 ms.
Invoked RoslynAnalysisRunner static constructor.
RoslynAnalysisRunner will not be running.
RoslynAnalysisRunner has terminated.
Mono: successfully reloaded assembly
- Completed reload, in  0.835 seconds
Platform modules already initialized, skipping
Refreshing native plugins compatible for Editor in 0.38 ms, found 0 plugins.
Preloading 0 native plugins for Editor in 0.00 ms.
Unloading 1411 Unused Serialized files (Serialized files now loaded: 0)
System memory in use before: 72.2 MB.
System memory in use after: 72.2 MB.

Unloading 5 unused Assets to reduce memory usage. Loaded Objects now: 1935.
Total: 1.958900 ms (FindLiveObjects: 0.219500 ms CreateObjectMapping: 0.033800 ms MarkObjects: 1.645800 ms  DeleteObjects: 0.058200 ms)

========================================================================
Received Import Request.
  Time since last request: 54.483759 seconds.
  path: Assets/tanks_new_unity_input-main 1/Assets/Prefabs/Tank.prefab
  artifactKey: Guid(35f5654feb3ab024cb98f08396a44073) Importer(815301076,1909f56bfc062723c751e8b465ee728b)
Start importing Assets/tanks_new_unity_input-main 1/Assets/Prefabs/Tank.prefab using Guid(35f5654feb3ab024cb98f08396a44073) Importer(815301076,1909f56bfc062723c751e8b465ee728b)  -> (artifact id: '036f1555f1312645a6543588144fd4f0') in 0.141659 seconds
  Import took 0.252281 seconds .

========================================================================
Received Import Request.
  Time since last request: 2.909242 seconds.
  path: Assets/tanks_new_unity_input-main 1/Assets/Prefabs/Tank.prefab
  artifactKey: Guid(35f5654feb3ab024cb98f08396a44073) Importer(815301076,1909f56bfc062723c751e8b465ee728b)
Start importing Assets/tanks_new_unity_input-main 1/Assets/Prefabs/Tank.prefab using Guid(35f5654feb3ab024cb98f08396a44073) Importer(815301076,1909f56bfc062723c751e8b465ee728b)  -> (artifact id: '8b1acdaac77764c29e1b99da0592e2a4') in 0.041541 seconds
  Import took 0.086310 seconds .

========================================================================
Received Prepare
Registering precompiled user dll's ...
Registered in 0.001328 seconds.
Begin MonoManager ReloadAssembly
Native extension for WindowsStandalone target not found
Refreshing native plugins compatible for Editor in 0.32 ms, found 0 plugins.
Preloading 0 native plugins for Editor in 0.00 ms.
Invoked RoslynAnalysisRunner static constructor.
RoslynAnalysisRunner will not be running.
RoslynAnalysisRunner has terminated.
Mono: successfully reloaded assembly
- Completed reload, in  0.826 seconds
Platform modules already initialized, skipping
Refreshing native plugins compatible for Editor in 0.29 ms, found 0 plugins.
Preloading 0 native plugins for Editor in 0.00 ms.
Unloading 1411 Unused Serialized files (Serialized files now loaded: 0)
System memory in use before: 72.2 MB.
System memory in use after: 72.3 MB.

Unloading 5 unused Assets to reduce memory usage. Loaded Objects now: 1939.
Total: 2.105500 ms (FindLiveObjects: 0.258500 ms CreateObjectMapping: 0.065200 ms MarkObjects: 1.720100 ms  DeleteObjects: 0.060100 ms)

========================================================================
Received Import Request.
  Time since last request: 33.520060 seconds.
  path: Assets/tanks_new_unity_input-main 1/Assets/Prefabs/Tank.prefab
  artifactKey: Guid(35f5654feb3ab024cb98f08396a44073) Importer(815301076,1909f56bfc062723c751e8b465ee728b)
Start importing Assets/tanks_new_unity_input-main 1/Assets/Prefabs/Tank.prefab using Guid(35f5654feb3ab024cb98f08396a44073) Importer(815301076,1909f56bfc062723c751e8b465ee728b)  -> (artifact id: '24d78449ebeffb424e482b3c3c21f08e') in 0.138521 seconds
  Import took 0.141451 seconds .

========================================================================
Received Import Request.
  Time since last request: 2.898447 seconds.
  path: Assets/tanks_new_unity_input-main 1/Assets/Prefabs/Tank.prefab
  artifactKey: Guid(35f5654feb3ab024cb98f08396a44073) Importer(815301076,1909f56bfc062723c751e8b465ee728b)
Start importing Assets/tanks_new_unity_input-main 1/Assets/Prefabs/Tank.prefab using Guid(35f5654feb3ab024cb98f08396a44073) Importer(815301076,1909f56bfc062723c751e8b465ee728b)  -> (artifact id: '223333474907c2e0f3cac72d2c133f1e') in 0.053717 seconds
  Import took 0.072618 seconds .

========================================================================
Received Prepare
Registering precompiled user dll's ...
Registered in 0.001469 seconds.
Begin MonoManager ReloadAssembly
Native extension for WindowsStandalone target not found
Refreshing native plugins compatible for Editor in 0.29 ms, found 0 plugins.
Preloading 0 native plugins for Editor in 0.00 ms.
Invoked RoslynAnalysisRunner static constructor.
RoslynAnalysisRunner will not be running.
RoslynAnalysisRunner has terminated.
Mono: successfully reloaded assembly
- Completed reload, in  0.832 seconds
Platform modules already initialized, skipping
Refreshing native plugins compatible for Editor in 0.30 ms, found 0 plugins.
Preloading 0 native plugins for Editor in 0.00 ms.
Unloading 1411 Unused Serialized files (Serialized files now loaded: 0)
System memory in use before: 72.2 MB.
System memory in use after: 72.3 MB.

Unloading 5 unused Assets to reduce memory usage. Loaded Objects now: 1943.
Total: 2.683100 ms (FindLiveObjects: 0.305600 ms CreateObjectMapping: 0.100900 ms MarkObjects: 2.212200 ms  DeleteObjects: 0.062300 ms)

========================================================================
Received Import Request.
  Time since last request: 259.115692 seconds.
  path: Assets/tanks_new_unity_input-main 1/Assets/Prefabs/Tank.prefab
  artifactKey: Guid(35f5654feb3ab024cb98f08396a44073) Importer(815301076,1909f56bfc062723c751e8b465ee728b)
Start importing Assets/tanks_new_unity_input-main 1/Assets/Prefabs/Tank.prefab using Guid(35f5654feb3ab024cb98f08396a44073) Importer(815301076,1909f56bfc062723c751e8b465ee728b)  -> (artifact id: '17d703ed0997bc283f994c0b56701762') in 0.136931 seconds
  Import took 0.155567 seconds .

========================================================================
Received Import Request.
  Time since last request: 14.067410 seconds.
  path: Assets/tanks_new_unity_input-main 1/Assets/Prefabs/Tank.prefab
  artifactKey: Guid(35f5654feb3ab024cb98f08396a44073) Importer(815301076,1909f56bfc062723c751e8b465ee728b)
Start importing Assets/tanks_new_unity_input-main 1/Assets/Prefabs/Tank.prefab using Guid(35f5654feb3ab024cb98f08396a44073) Importer(815301076,1909f56bfc062723c751e8b465ee728b)  -> (artifact id: '0d5541c6dcbdcd9ec5df13f3781ceabc') in 0.044113 seconds
  Import took 0.143564 seconds .

========================================================================
Received Import Request.
  Time since last request: 8.071307 seconds.
  path: Assets/tanks_new_unity_input-main 1/Assets/Prefabs/Tank.prefab
  artifactKey: Guid(35f5654feb3ab024cb98f08396a44073) Importer(815301076,1909f56bfc062723c751e8b465ee728b)
Start importing Assets/tanks_new_unity_input-main 1/Assets/Prefabs/Tank.prefab using Guid(35f5654feb3ab024cb98f08396a44073) Importer(815301076,1909f56bfc062723c751e8b465ee728b)  -> (artifact id: '504ad64e5f9c83c216459504d2ae080d') in 0.039495 seconds
  Import took 0.067706 seconds .

========================================================================
Received Import Request.
  Time since last request: 3.445286 seconds.
  path: Assets/tanks_new_unity_input-main 1/Assets/Prefabs/Tank.prefab
  artifactKey: Guid(35f5654feb3ab024cb98f08396a44073) Importer(815301076,1909f56bfc062723c751e8b465ee728b)
Start importing Assets/tanks_new_unity_input-main 1/Assets/Prefabs/Tank.prefab using Guid(35f5654feb3ab024cb98f08396a44073) Importer(815301076,1909f56bfc062723c751e8b465ee728b)  -> (artifact id: '97f2aee0aac9d62e923b411393d6bf1b') in 0.079802 seconds
  Import took 0.082823 seconds .

========================================================================
Received Import Request.
  Time since last request: 1.178557 seconds.
  path: Assets/tanks_new_unity_input-main 1/Assets/Prefabs/Tank.prefab
  artifactKey: Guid(35f5654feb3ab024cb98f08396a44073) Importer(815301076,1909f56bfc062723c751e8b465ee728b)
Start importing Assets/tanks_new_unity_input-main 1/Assets/Prefabs/Tank.prefab using Guid(35f5654feb3ab024cb98f08396a44073) Importer(815301076,1909f56bfc062723c751e8b465ee728b)  -> (artifact id: '448360563cc18621732e408121f94c8f') in 0.042166 seconds
  Import took 0.045187 seconds .

========================================================================
Received Import Request.
  Time since last request: 6.560768 seconds.
  path: Assets/tanks_new_unity_input-main 1/Assets/Prefabs/Tank.prefab
  artifactKey: Guid(35f5654feb3ab024cb98f08396a44073) Importer(815301076,1909f56bfc062723c751e8b465ee728b)
Start importing Assets/tanks_new_unity_input-main 1/Assets/Prefabs/Tank.prefab using Guid(35f5654feb3ab024cb98f08396a44073) Importer(815301076,1909f56bfc062723c751e8b465ee728b)  -> (artifact id: '0095897654623e35b94cb10af5bcc797') in 0.044396 seconds
  Import took 0.073949 seconds .

========================================================================
Received Import Request.
  Time since last request: 2.959670 seconds.
  path: Assets/tanks_new_unity_input-main 1/Assets/Prefabs/Tank.prefab
  artifactKey: Guid(35f5654feb3ab024cb98f08396a44073) Importer(815301076,1909f56bfc062723c751e8b465ee728b)
Start importing Assets/tanks_new_unity_input-main 1/Assets/Prefabs/Tank.prefab using Guid(35f5654feb3ab024cb98f08396a44073) Importer(815301076,1909f56bfc062723c751e8b465ee728b)  -> (artifact id: 'eac4e8c47631683163a4b47215a84b33') in 0.042241 seconds
  Import took 0.045803 seconds .

========================================================================
Received Import Request.
  Time since last request: 11.305969 seconds.
  path: Assets/tanks_new_unity_input-main 1/Assets/Prefabs/Tank.prefab
  artifactKey: Guid(35f5654feb3ab024cb98f08396a44073) Importer(815301076,1909f56bfc062723c751e8b465ee728b)
Start importing Assets/tanks_new_unity_input-main 1/Assets/Prefabs/Tank.prefab using Guid(35f5654feb3ab024cb98f08396a44073) Importer(815301076,1909f56bfc062723c751e8b465ee728b)  -> (artifact id: '81a8896ffd4fa95c85eb82a3ee4c355a') in 0.052923 seconds
  Import took 0.056206 seconds .

========================================================================
Received Import Request.
  Time since last request: 4.922582 seconds.
  path: Assets/tanks_new_unity_input-main 1/Assets/Prefabs/Tank.prefab
  artifactKey: Guid(35f5654feb3ab024cb98f08396a44073) Importer(815301076,1909f56bfc062723c751e8b465ee728b)
Start importing Assets/tanks_new_unity_input-main 1/Assets/Prefabs/Tank.prefab using Guid(35f5654feb3ab024cb98f08396a44073) Importer(815301076,1909f56bfc062723c751e8b465ee728b)  -> (artifact id: '7d61c60fc3eeae769aa161d2150de7a0') in 0.042197 seconds
  Import took 0.176175 seconds .

========================================================================
Received Import Request.
  Time since last request: 2.593228 seconds.
  path: Assets/tanks_new_unity_input-main 1/Assets/Prefabs/Tank.prefab
  artifactKey: Guid(35f5654feb3ab024cb98f08396a44073) Importer(815301076,1909f56bfc062723c751e8b465ee728b)
Start importing Assets/tanks_new_unity_input-main 1/Assets/Prefabs/Tank.prefab using Guid(35f5654feb3ab024cb98f08396a44073) Importer(815301076,1909f56bfc062723c751e8b465ee728b)  -> (artifact id: 'a5c5670a4c02ec6dd33eae9fc3e0fab5') in 0.041222 seconds
  Import took 0.044282 seconds .

========================================================================
Received Prepare
Registering precompiled user dll's ...
Registered in 0.001026 seconds.
Begin MonoManager ReloadAssembly
Native extension for WindowsStandalone target not found
Refreshing native plugins compatible for Editor in 0.30 ms, found 0 plugins.
Preloading 0 native plugins for Editor in 0.00 ms.
Invoked RoslynAnalysisRunner static constructor.
RoslynAnalysisRunner will not be running.
RoslynAnalysisRunner has terminated.
Mono: successfully reloaded assembly
- Completed reload, in  0.780 seconds
Platform modules already initialized, skipping
Refreshing native plugins compatible for Editor in 0.28 ms, found 0 plugins.
Preloading 0 native plugins for Editor in 0.00 ms.
Unloading 1411 Unused Serialized files (Serialized files now loaded: 0)
System memory in use before: 72.2 MB.
System memory in use after: 72.3 MB.

Unloading 5 unused Assets to reduce memory usage. Loaded Objects now: 1947.
Total: 2.659800 ms (FindLiveObjects: 0.196000 ms CreateObjectMapping: 0.035100 ms MarkObjects: 2.353400 ms  DeleteObjects: 0.073500 ms)

========================================================================
Received Import Request.
  Time since last request: 179.817656 seconds.
  path: Assets/tanks_new_unity_input-main 1/Assets/Prefabs/Tank.prefab
  artifactKey: Guid(35f5654feb3ab024cb98f08396a44073) Importer(815301076,1909f56bfc062723c751e8b465ee728b)
Start importing Assets/tanks_new_unity_input-main 1/Assets/Prefabs/Tank.prefab using Guid(35f5654feb3ab024cb98f08396a44073) Importer(815301076,1909f56bfc062723c751e8b465ee728b)  -> (artifact id: '2c2e728bcf992b1492b84c6d1db61c78') in 0.141029 seconds
  Import took 0.178086 seconds .

========================================================================
Received Import Request.
  Time since last request: 12.479844 seconds.
  path: Assets/tanks_new_unity_input-main 1/Assets/Prefabs/Tank.prefab
  artifactKey: Guid(35f5654feb3ab024cb98f08396a44073) Importer(815301076,1909f56bfc062723c751e8b465ee728b)
Start importing Assets/tanks_new_unity_input-main 1/Assets/Prefabs/Tank.prefab using Guid(35f5654feb3ab024cb98f08396a44073) Importer(815301076,1909f56bfc062723c751e8b465ee728b)  -> (artifact id: '2f58af7b41377d2c25c24a3acb7ab35b') in 0.045317 seconds
  Import took 0.048759 seconds .

========================================================================
Received Prepare
Registering precompiled user dll's ...
Registered in 0.001599 seconds.
Begin MonoManager ReloadAssembly
Native extension for WindowsStandalone target not found
Refreshing native plugins compatible for Editor in 0.29 ms, found 0 plugins.
Preloading 0 native plugins for Editor in 0.00 ms.
Invoked RoslynAnalysisRunner static constructor.
RoslynAnalysisRunner will not be running.
RoslynAnalysisRunner has terminated.
Mono: successfully reloaded assembly
- Completed reload, in  0.827 seconds
Platform modules already initialized, skipping
Refreshing native plugins compatible for Editor in 0.33 ms, found 0 plugins.
Preloading 0 native plugins for Editor in 0.00 ms.
Unloading 1411 Unused Serialized files (Serialized files now loaded: 0)
System memory in use before: 72.3 MB.
System memory in use after: 72.3 MB.

Unloading 5 unused Assets to reduce memory usage. Loaded Objects now: 1951.
Total: 2.567900 ms (FindLiveObjects: 0.279500 ms CreateObjectMapping: 0.048400 ms MarkObjects: 2.173400 ms  DeleteObjects: 0.065500 ms)

========================================================================
Received Import Request.
  Time since last request: 208.581796 seconds.
  path: Assets/tanks_new_unity_input-main 1/Assets/Prefabs/Tank.prefab
  artifactKey: Guid(35f5654feb3ab024cb98f08396a44073) Importer(815301076,1909f56bfc062723c751e8b465ee728b)
Start importing Assets/tanks_new_unity_input-main 1/Assets/Prefabs/Tank.prefab using Guid(35f5654feb3ab024cb98f08396a44073) Importer(815301076,1909f56bfc062723c751e8b465ee728b)  -> (artifact id: '126d1b981919e179e798d026ec28041f') in 0.134266 seconds
  Import took 0.164661 seconds .

========================================================================
Received Import Request.
  Time since last request: 2.455744 seconds.
  path: Assets/tanks_new_unity_input-main 1/Assets/Prefabs/Tank.prefab
  artifactKey: Guid(35f5654feb3ab024cb98f08396a44073) Importer(815301076,1909f56bfc062723c751e8b465ee728b)
Start importing Assets/tanks_new_unity_input-main 1/Assets/Prefabs/Tank.prefab using Guid(35f5654feb3ab024cb98f08396a44073) Importer(815301076,1909f56bfc062723c751e8b465ee728b)  -> (artifact id: '9c3e9cd40af96044e0a57a021520a444') in 0.040047 seconds
  Import took 0.059800 seconds .

========================================================================
Received Prepare
Registering precompiled user dll's ...
Registered in 0.001668 seconds.
Begin MonoManager ReloadAssembly
Native extension for WindowsStandalone target not found
Refreshing native plugins compatible for Editor in 0.29 ms, found 0 plugins.
Preloading 0 native plugins for Editor in 0.00 ms.
Invoked RoslynAnalysisRunner static constructor.
RoslynAnalysisRunner will not be running.
RoslynAnalysisRunner has terminated.
Mono: successfully reloaded assembly
- Completed reload, in  0.842 seconds
Platform modules already initialized, skipping
Refreshing native plugins compatible for Editor in 0.32 ms, found 0 plugins.
Preloading 0 native plugins for Editor in 0.00 ms.
Unloading 1411 Unused Serialized files (Serialized files now loaded: 0)
System memory in use before: 72.3 MB.
System memory in use after: 72.3 MB.

Unloading 5 unused Assets to reduce memory usage. Loaded Objects now: 1955.
Total: 1.920700 ms (FindLiveObjects: 0.185300 ms CreateObjectMapping: 0.033000 ms MarkObjects: 1.623800 ms  DeleteObjects: 0.077400 ms)

========================================================================
Received Import Request.
  Time since last request: 46.377036 seconds.
  path: Assets/tanks_new_unity_input-main 1/Assets/Prefabs/Tank.prefab
  artifactKey: Guid(35f5654feb3ab024cb98f08396a44073) Importer(815301076,1909f56bfc062723c751e8b465ee728b)
Start importing Assets/tanks_new_unity_input-main 1/Assets/Prefabs/Tank.prefab using Guid(35f5654feb3ab024cb98f08396a44073) Importer(815301076,1909f56bfc062723c751e8b465ee728b)  -> (artifact id: '9a291f0d56d79aba84776f96f67d72cb') in 0.132734 seconds
  Import took 0.146639 seconds .

========================================================================
Received Prepare
Registering precompiled user dll's ...
Registered in 0.001851 seconds.
Begin MonoManager ReloadAssembly
Native extension for WindowsStandalone target not found
Refreshing native plugins compatible for Editor in 0.30 ms, found 0 plugins.
Preloading 0 native plugins for Editor in 0.00 ms.
Invoked RoslynAnalysisRunner static constructor.
RoslynAnalysisRunner will not be running.
RoslynAnalysisRunner has terminated.
Mono: successfully reloaded assembly
- Completed reload, in  0.871 seconds
Platform modules already initialized, skipping
Refreshing native plugins compatible for Editor in 0.31 ms, found 0 plugins.
Preloading 0 native plugins for Editor in 0.00 ms.
Unloading 1411 Unused Serialized files (Serialized files now loaded: 0)
System memory in use before: 72.3 MB.
System memory in use after: 72.4 MB.

Unloading 5 unused Assets to reduce memory usage. Loaded Objects now: 1959.
Total: 2.436700 ms (FindLiveObjects: 0.236500 ms CreateObjectMapping: 0.037200 ms MarkObjects: 2.096000 ms  DeleteObjects: 0.065600 ms)

========================================================================
Received Import Request.
  Time since last request: 5702.836768 seconds.
  path: Assets/tanks_new_unity_input-main 1/Assets/Prefabs/Tank.prefab
  artifactKey: Guid(35f5654feb3ab024cb98f08396a44073) Importer(815301076,1909f56bfc062723c751e8b465ee728b)
Start importing Assets/tanks_new_unity_input-main 1/Assets/Prefabs/Tank.prefab using Guid(35f5654feb3ab024cb98f08396a44073) Importer(815301076,1909f56bfc062723c751e8b465ee728b)  -> (artifact id: '49c0015208dc41eb457a9187ffedf0ce') in 0.183724 seconds
  Import took 0.189082 seconds .

========================================================================
Received Import Request.
  Time since last request: 3.634711 seconds.
  path: Assets/tanks_new_unity_input-main 1/Assets/Prefabs/Tank.prefab
  artifactKey: Guid(35f5654feb3ab024cb98f08396a44073) Importer(815301076,1909f56bfc062723c751e8b465ee728b)
Start importing Assets/tanks_new_unity_input-main 1/Assets/Prefabs/Tank.prefab using Guid(35f5654feb3ab024cb98f08396a44073) Importer(815301076,1909f56bfc062723c751e8b465ee728b)  -> (artifact id: '0265262a550b7303cfc895d283247a18') in 0.040957 seconds
  Import took 0.064904 seconds .

========================================================================
Received Prepare
Registering precompiled user dll's ...
Registered in 0.001231 seconds.
Begin MonoManager ReloadAssembly
Native extension for WindowsStandalone target not found
Refreshing native plugins compatible for Editor in 0.31 ms, found 0 plugins.
Preloading 0 native plugins for Editor in 0.00 ms.
Invoked RoslynAnalysisRunner static constructor.
RoslynAnalysisRunner will not be running.
RoslynAnalysisRunner has terminated.
Mono: successfully reloaded assembly
- Completed reload, in  0.838 seconds
Platform modules already initialized, skipping
Refreshing native plugins compatible for Editor in 0.30 ms, found 0 plugins.
Preloading 0 native plugins for Editor in 0.00 ms.
Unloading 1411 Unused Serialized files (Serialized files now loaded: 0)
System memory in use before: 72.3 MB.
System memory in use after: 72.4 MB.

Unloading 5 unused Assets to reduce memory usage. Loaded Objects now: 1963.
Total: 2.362000 ms (FindLiveObjects: 0.187500 ms CreateObjectMapping: 0.036900 ms MarkObjects: 2.071600 ms  DeleteObjects: 0.065000 ms)

========================================================================
Received Import Request.
  Time since last request: 109.724509 seconds.
  path: Assets/tanks_new_unity_input-main 1/Assets/Prefabs/Tank.prefab
  artifactKey: Guid(35f5654feb3ab024cb98f08396a44073) Importer(815301076,1909f56bfc062723c751e8b465ee728b)
Start importing Assets/tanks_new_unity_input-main 1/Assets/Prefabs/Tank.prefab using Guid(35f5654feb3ab024cb98f08396a44073) Importer(815301076,1909f56bfc062723c751e8b465ee728b)  -> (artifact id: 'ca10d419da96a4ab1aa1141e3f5b9a1c') in 0.145515 seconds
  Import took 0.180562 seconds .

========================================================================
Received Import Request.
  Time since last request: 1.858870 seconds.
  path: Assets/tanks_new_unity_input-main 1/Assets/Prefabs/Tank.prefab
  artifactKey: Guid(35f5654feb3ab024cb98f08396a44073) Importer(815301076,1909f56bfc062723c751e8b465ee728b)
Start importing Assets/tanks_new_unity_input-main 1/Assets/Prefabs/Tank.prefab using Guid(35f5654feb3ab024cb98f08396a44073) Importer(815301076,1909f56bfc062723c751e8b465ee728b)  -> (artifact id: 'f9fcb7c3f5a7d0b16c6fce20c26e65e4') in 0.055376 seconds
  Import took 0.085127 seconds .

========================================================================
Received Prepare
Registering precompiled user dll's ...
Registered in 0.001358 seconds.
Begin MonoManager ReloadAssembly
Native extension for WindowsStandalone target not found
Refreshing native plugins compatible for Editor in 0.29 ms, found 0 plugins.
Preloading 0 native plugins for Editor in 0.00 ms.
Invoked RoslynAnalysisRunner static constructor.
RoslynAnalysisRunner will not be running.
RoslynAnalysisRunner has terminated.
Mono: successfully reloaded assembly
- Completed reload, in  0.813 seconds
Platform modules already initialized, skipping
Refreshing native plugins compatible for Editor in 0.30 ms, found 0 plugins.
Preloading 0 native plugins for Editor in 0.00 ms.
Unloading 1411 Unused Serialized files (Serialized files now loaded: 0)
System memory in use before: 72.4 MB.
System memory in use after: 72.5 MB.

Unloading 5 unused Assets to reduce memory usage. Loaded Objects now: 1967.
Total: 2.464900 ms (FindLiveObjects: 0.243500 ms CreateObjectMapping: 0.065500 ms MarkObjects: 2.088700 ms  DeleteObjects: 0.065900 ms)

========================================================================
Received Import Request.
  Time since last request: 18.611012 seconds.
  path: Assets/tanks_new_unity_input-main 1/Assets/Prefabs/Tank.prefab
  artifactKey: Guid(35f5654feb3ab024cb98f08396a44073) Importer(815301076,1909f56bfc062723c751e8b465ee728b)
Start importing Assets/tanks_new_unity_input-main 1/Assets/Prefabs/Tank.prefab using Guid(35f5654feb3ab024cb98f08396a44073) Importer(815301076,1909f56bfc062723c751e8b465ee728b)  -> (artifact id: 'c39e68c7c1f6164679a3d9b8d37fe66b') in 0.426197 seconds
  Import took 0.913001 seconds .

========================================================================
Received Prepare
Registering precompiled user dll's ...
Registered in 0.001579 seconds.
Begin MonoManager ReloadAssembly
Native extension for WindowsStandalone target not found
Refreshing native plugins compatible for Editor in 0.36 ms, found 0 plugins.
Preloading 0 native plugins for Editor in 0.00 ms.
Invoked RoslynAnalysisRunner static constructor.
RoslynAnalysisRunner will not be running.
RoslynAnalysisRunner has terminated.
Mono: successfully reloaded assembly
- Completed reload, in  0.818 seconds
Platform modules already initialized, skipping
Refreshing native plugins compatible for Editor in 0.42 ms, found 0 plugins.
Preloading 0 native plugins for Editor in 0.00 ms.
Unloading 1411 Unused Serialized files (Serialized files now loaded: 0)
System memory in use before: 72.4 MB.
System memory in use after: 72.5 MB.

Unloading 5 unused Assets to reduce memory usage. Loaded Objects now: 1971.
Total: 2.316200 ms (FindLiveObjects: 0.298800 ms CreateObjectMapping: 0.066000 ms MarkObjects: 1.877000 ms  DeleteObjects: 0.072600 ms)

========================================================================
Received Import Request.
  Time since last request: 17.605235 seconds.
  path: Assets/tanks_new_unity_input-main 1/Assets/Prefabs/Tank.prefab
  artifactKey: Guid(35f5654feb3ab024cb98f08396a44073) Importer(815301076,1909f56bfc062723c751e8b465ee728b)
Start importing Assets/tanks_new_unity_input-main 1/Assets/Prefabs/Tank.prefab using Guid(35f5654feb3ab024cb98f08396a44073) Importer(815301076,1909f56bfc062723c751e8b465ee728b)  -> (artifact id: 'a6082f7dfd5269d9a5f91cbdee707228') in 0.143605 seconds
  Import took 0.147587 seconds .

========================================================================
Received Import Request.
  Time since last request: 1.957848 seconds.
  path: Assets/tanks_new_unity_input-main 1/Assets/Prefabs/Tank.prefab
  artifactKey: Guid(35f5654feb3ab024cb98f08396a44073) Importer(815301076,1909f56bfc062723c751e8b465ee728b)
Start importing Assets/tanks_new_unity_input-main 1/Assets/Prefabs/Tank.prefab using Guid(35f5654feb3ab024cb98f08396a44073) Importer(815301076,1909f56bfc062723c751e8b465ee728b)  -> (artifact id: 'a6082f7dfd5269d9a5f91cbdee707228') in 0.048961 seconds
  Import took 0.051966 seconds .

========================================================================
Received Prepare
Registering precompiled user dll's ...
Registered in 0.001643 seconds.
Begin MonoManager ReloadAssembly
Native extension for WindowsStandalone target not found
Refreshing native plugins compatible for Editor in 0.33 ms, found 0 plugins.
Preloading 0 native plugins for Editor in 0.00 ms.
Invoked RoslynAnalysisRunner static constructor.
RoslynAnalysisRunner will not be running.
RoslynAnalysisRunner has terminated.
Mono: successfully reloaded assembly
- Completed reload, in  0.820 seconds
Platform modules already initialized, skipping
Refreshing native plugins compatible for Editor in 0.28 ms, found 0 plugins.
Preloading 0 native plugins for Editor in 0.00 ms.
Unloading 1411 Unused Serialized files (Serialized files now loaded: 0)
System memory in use before: 72.5 MB.
System memory in use after: 72.5 MB.

Unloading 5 unused Assets to reduce memory usage. Loaded Objects now: 1975.
Total: 2.401100 ms (FindLiveObjects: 0.256300 ms CreateObjectMapping: 0.065700 ms MarkObjects: 2.012000 ms  DeleteObjects: 0.065500 ms)

========================================================================
Received Import Request.
  Time since last request: 12.284959 seconds.
  path: Assets/tanks_new_unity_input-main 1/Assets/Prefabs/Tank.prefab
  artifactKey: Guid(35f5654feb3ab024cb98f08396a44073) Importer(815301076,1909f56bfc062723c751e8b465ee728b)
Start importing Assets/tanks_new_unity_input-main 1/Assets/Prefabs/Tank.prefab using Guid(35f5654feb3ab024cb98f08396a44073) Importer(815301076,1909f56bfc062723c751e8b465ee728b)  -> (artifact id: '02d5c1e24781e9043680be251842ba64') in 0.133032 seconds
  Import took 0.136715 seconds .

========================================================================
Received Import Request.
  Time since last request: 13.644140 seconds.
  path: Assets/tanks_new_unity_input-main 1/Assets/Prefabs/Tank.prefab
  artifactKey: Guid(35f5654feb3ab024cb98f08396a44073) Importer(815301076,1909f56bfc062723c751e8b465ee728b)
Start importing Assets/tanks_new_unity_input-main 1/Assets/Prefabs/Tank.prefab using Guid(35f5654feb3ab024cb98f08396a44073) Importer(815301076,1909f56bfc062723c751e8b465ee728b)  -> (artifact id: 'bae58403d3d70d6d9150495245e9b3a7') in 0.041687 seconds
  Import took 0.044765 seconds .

========================================================================
Received Prepare
Registering precompiled user dll's ...
Registered in 0.001311 seconds.
Begin MonoManager ReloadAssembly
Native extension for WindowsStandalone target not found
Refreshing native plugins compatible for Editor in 0.29 ms, found 0 plugins.
Preloading 0 native plugins for Editor in 0.00 ms.
Invoked RoslynAnalysisRunner static constructor.
RoslynAnalysisRunner will not be running.
RoslynAnalysisRunner has terminated.
Mono: successfully reloaded assembly
- Completed reload, in  0.828 seconds
Platform modules already initialized, skipping
Refreshing native plugins compatible for Editor in 0.37 ms, found 0 plugins.
Preloading 0 native plugins for Editor in 0.00 ms.
Unloading 1411 Unused Serialized files (Serialized files now loaded: 0)
System memory in use before: 72.5 MB.
System memory in use after: 72.6 MB.

Unloading 5 unused Assets to reduce memory usage. Loaded Objects now: 1979.
Total: 2.044000 ms (FindLiveObjects: 0.235100 ms CreateObjectMapping: 0.034100 ms MarkObjects: 1.706500 ms  DeleteObjects: 0.066600 ms)

========================================================================
Received Import Request.
  Time since last request: 54.052941 seconds.
  path: Assets/tanks_new_unity_input-main 1/Assets/Prefabs/Tank.prefab
  artifactKey: Guid(35f5654feb3ab024cb98f08396a44073) Importer(815301076,1909f56bfc062723c751e8b465ee728b)
Start importing Assets/tanks_new_unity_input-main 1/Assets/Prefabs/Tank.prefab using Guid(35f5654feb3ab024cb98f08396a44073) Importer(815301076,1909f56bfc062723c751e8b465ee728b)  -> (artifact id: '291b2b387f0a83caabf66ac36ed93ffe') in 0.132035 seconds
  Import took 0.157947 seconds .

========================================================================
Received Prepare
Registering precompiled user dll's ...
Registered in 0.001280 seconds.
Begin MonoManager ReloadAssembly
Native extension for WindowsStandalone target not found
Refreshing native plugins compatible for Editor in 0.37 ms, found 0 plugins.
Preloading 0 native plugins for Editor in 0.00 ms.
Invoked RoslynAnalysisRunner static constructor.
RoslynAnalysisRunner will not be running.
RoslynAnalysisRunner has terminated.
Mono: successfully reloaded assembly
- Completed reload, in  0.806 seconds
Platform modules already initialized, skipping
Refreshing native plugins compatible for Editor in 0.29 ms, found 0 plugins.
Preloading 0 native plugins for Editor in 0.00 ms.
Unloading 1411 Unused Serialized files (Serialized files now loaded: 0)
System memory in use before: 72.5 MB.
System memory in use after: 72.6 MB.

Unloading 5 unused Assets to reduce memory usage. Loaded Objects now: 1983.
Total: 2.407600 ms (FindLiveObjects: 0.243500 ms CreateObjectMapping: 0.065200 ms MarkObjects: 2.033800 ms  DeleteObjects: 0.063600 ms)

========================================================================
Received Import Request.
  Time since last request: 22.231514 seconds.
  path: ProjectSettings/TagManager.asset
  artifactKey: Guid(00000000000000003000000000000000) Importer(815301076,1909f56bfc062723c751e8b465ee728b)
Start importing ProjectSettings/TagManager.asset using Guid(00000000000000003000000000000000) Importer(815301076,1909f56bfc062723c751e8b465ee728b)  -> (artifact id: 'df1f81bc892c10b22e48bbf72dcc9d48') in 0.017495 seconds
  Import took 0.023652 seconds .

========================================================================
Received Import Request.
  Time since last request: 0.000323 seconds.
  path: ProjectSettings/TagManager.asset
  artifactKey: Guid(00000000000000003000000000000000) Importer(815301076,1909f56bfc062723c751e8b465ee728b)
Start importing ProjectSettings/TagManager.asset using Guid(00000000000000003000000000000000) Importer(815301076,1909f56bfc062723c751e8b465ee728b)  -> (artifact id: 'df1f81bc892c10b22e48bbf72dcc9d48') in 0.006163 seconds
  Import took 0.008867 seconds .

========================================================================
Received Import Request.
  Time since last request: 64.738173 seconds.
  path: Assets/Scenes/SampleScene.unity
  artifactKey: Guid(9fc0d4010bbf28b4594072e72b8655ab) Importer(815301076,1909f56bfc062723c751e8b465ee728b)
Start importing Assets/Scenes/SampleScene.unity using Guid(9fc0d4010bbf28b4594072e72b8655ab) Importer(815301076,1909f56bfc062723c751e8b465ee728b)  -> (artifact id: '69e46c43210223e9824797d061bce3a8') in 0.007031 seconds
  Import took 0.129724 seconds .

========================================================================
Received Import Request.
  Time since last request: 33.520270 seconds.
  path: Assets/tanks_new_unity_input-main 1/Assets/Power Breakfast DEMO SDF.asset
  artifactKey: Guid(8af522932a1eaa14982abb639e17082f) Importer(815301076,1909f56bfc062723c751e8b465ee728b)
Start importing Assets/tanks_new_unity_input-main 1/Assets/Power Breakfast DEMO SDF.asset using Guid(8af522932a1eaa14982abb639e17082f) Importer(815301076,1909f56bfc062723c751e8b465ee728b)  -> (artifact id: '7f2dd37712665564eb323cb4122cde61') in 0.142480 seconds
  Import took 0.145635 seconds .

========================================================================
Received Import Request.
  Time since last request: 0.004024 seconds.
  path: Assets/tanks_new_unity_input-main 1/Assets/Power Breakfast DEMO SDF.asset
  artifactKey: Guid(8af522932a1eaa14982abb639e17082f) Importer(815301076,1909f56bfc062723c751e8b465ee728b)
Start importing Assets/tanks_new_unity_input-main 1/Assets/Power Breakfast DEMO SDF.asset using Guid(8af522932a1eaa14982abb639e17082f) Importer(815301076,1909f56bfc062723c751e8b465ee728b)  -> (artifact id: '7f2dd37712665564eb323cb4122cde61') in 0.070716 seconds
  Import took 0.073517 seconds .

========================================================================
Received Import Request.
  Time since last request: 231.703615 seconds.
  path: Assets/tanks_new_unity_input-main 1/Assets
  artifactKey: Guid(416de6d641ae2424a8cb10d6493c94c1) Importer(815301076,1909f56bfc062723c751e8b465ee728b)
Start importing Assets/tanks_new_unity_input-main 1/Assets using Guid(416de6d641ae2424a8cb10d6493c94c1) Importer(815301076,1909f56bfc062723c751e8b465ee728b)  -> (artifact id: '7fb7cfa43d44734a4e85feea94d91d8d') in 3.174923 seconds
  Import took 3.177566 seconds .

========================================================================
Received Import Request.
  Time since last request: 65.306521 seconds.
  path: Assets/tanks_new_unity_input-main 1/Assets/Menu.inputactions
  artifactKey: Guid(50e46131d552403488f7355d600dd1f6) Importer(815301076,1909f56bfc062723c751e8b465ee728b)
Start importing Assets/tanks_new_unity_input-main 1/Assets/Menu.inputactions using Guid(50e46131d552403488f7355d600dd1f6) Importer(815301076,1909f56bfc062723c751e8b465ee728b)  -> (artifact id: '29d0b71047b2dc6d0eb7521dc8026d4f') in 0.010943 seconds
  Import took 0.013521 seconds .

========================================================================
Received Import Request.
  Time since last request: 0.003298 seconds.
  path: Assets/tanks_new_unity_input-main 1/Assets/Menu.inputactions
  artifactKey: Guid(50e46131d552403488f7355d600dd1f6) Importer(815301076,1909f56bfc062723c751e8b465ee728b)
Start importing Assets/tanks_new_unity_input-main 1/Assets/Menu.inputactions using Guid(50e46131d552403488f7355d600dd1f6) Importer(815301076,1909f56bfc062723c751e8b465ee728b)  -> (artifact id: '29d0b71047b2dc6d0eb7521dc8026d4f') in 0.005795 seconds
  Import took 0.009019 seconds .

========================================================================
Received Import Request.
  Time since last request: 177.438035 seconds.
  path: Assets/tanks_new_unity_input-main 1/Assets/Menu.inputactions
  artifactKey: Guid(50e46131d552403488f7355d600dd1f6) Importer(815301076,1909f56bfc062723c751e8b465ee728b)
Start importing Assets/tanks_new_unity_input-main 1/Assets/Menu.inputactions using Guid(50e46131d552403488f7355d600dd1f6) Importer(815301076,1909f56bfc062723c751e8b465ee728b)  -> (artifact id: '430465691acb88d3d07c8f5692e04636') in 0.005990 seconds
  Import took 0.028642 seconds .

========================================================================
Received Import Request.
  Time since last request: 2.112454 seconds.
  path: Assets/tanks_new_unity_input-main 1/Assets/Menu.inputactions
  artifactKey: Guid(50e46131d552403488f7355d600dd1f6) Importer(815301076,1909f56bfc062723c751e8b465ee728b)
Start importing Assets/tanks_new_unity_input-main 1/Assets/Menu.inputactions using Guid(50e46131d552403488f7355d600dd1f6) Importer(815301076,1909f56bfc062723c751e8b465ee728b)  -> (artifact id: 'c2b48a0df41cff7bbe96ed1b3a92239e') in 0.008280 seconds
  Import took 0.011584 seconds .

========================================================================
Received Import Request.
  Time since last request: 5.220084 seconds.
  path: Assets/tanks_new_unity_input-main 1/Assets/Menu.inputactions
  artifactKey: Guid(50e46131d552403488f7355d600dd1f6) Importer(815301076,1909f56bfc062723c751e8b465ee728b)
Start importing Assets/tanks_new_unity_input-main 1/Assets/Menu.inputactions using Guid(50e46131d552403488f7355d600dd1f6) Importer(815301076,1909f56bfc062723c751e8b465ee728b)  -> (artifact id: '18f85a2e641f6a03f30bc0b848775ca5') in 0.005405 seconds
  Import took 0.009772 seconds .

========================================================================
Received Import Request.
  Time since last request: 11.075040 seconds.
  path: Assets/tanks_new_unity_input-main 1/Assets/Menu.inputactions
  artifactKey: Guid(50e46131d552403488f7355d600dd1f6) Importer(815301076,1909f56bfc062723c751e8b465ee728b)
Start importing Assets/tanks_new_unity_input-main 1/Assets/Menu.inputactions using Guid(50e46131d552403488f7355d600dd1f6) Importer(815301076,1909f56bfc062723c751e8b465ee728b)  -> (artifact id: 'c888834f197ddafe29fcd8c96725cedf') in 0.006657 seconds
  Import took 0.010482 seconds .

========================================================================
Received Import Request.
  Time since last request: 11.909147 seconds.
  path: Assets/tanks_new_unity_input-main 1/Assets/Menu.inputactions
  artifactKey: Guid(50e46131d552403488f7355d600dd1f6) Importer(815301076,1909f56bfc062723c751e8b465ee728b)
Start importing Assets/tanks_new_unity_input-main 1/Assets/Menu.inputactions using Guid(50e46131d552403488f7355d600dd1f6) Importer(815301076,1909f56bfc062723c751e8b465ee728b)  -> (artifact id: '7b547b7ecad065082b0f4a6c9796526f') in 0.005200 seconds
  Import took 0.009178 seconds .

========================================================================
Received Import Request.
  Time since last request: 21.288851 seconds.
  path: Assets/tanks_new_unity_input-main 1/Assets/Menu.inputactions
  artifactKey: Guid(50e46131d552403488f7355d600dd1f6) Importer(815301076,1909f56bfc062723c751e8b465ee728b)
Start importing Assets/tanks_new_unity_input-main 1/Assets/Menu.inputactions using Guid(50e46131d552403488f7355d600dd1f6) Importer(815301076,1909f56bfc062723c751e8b465ee728b)  -> (artifact id: 'bc2ce2657146c8ed30679a7ba1203c0c') in 0.005854 seconds
  Import took 0.009346 seconds .

========================================================================
Received Import Request.
  Time since last request: 20.255236 seconds.
  path: Assets/tanks_new_unity_input-main 1/Assets/Menu.inputactions
  artifactKey: Guid(50e46131d552403488f7355d600dd1f6) Importer(815301076,1909f56bfc062723c751e8b465ee728b)
Start importing Assets/tanks_new_unity_input-main 1/Assets/Menu.inputactions using Guid(50e46131d552403488f7355d600dd1f6) Importer(815301076,1909f56bfc062723c751e8b465ee728b)  -> (artifact id: '0a74bcd362f0c54934c42243cb7de536') in 0.006446 seconds
  Import took 0.009541 seconds .

========================================================================
Received Import Request.
  Time since last request: 16.662812 seconds.
  path: Assets/tanks_new_unity_input-main 1/Assets/Menu.inputactions
  artifactKey: Guid(50e46131d552403488f7355d600dd1f6) Importer(815301076,1909f56bfc062723c751e8b465ee728b)
Start importing Assets/tanks_new_unity_input-main 1/Assets/Menu.inputactions using Guid(50e46131d552403488f7355d600dd1f6) Importer(815301076,1909f56bfc062723c751e8b465ee728b)  -> (artifact id: '6fb3cfee9de183a4a946cd7bcff686d2') in 0.006500 seconds
  Import took 0.333151 seconds .

========================================================================
Received Import Request.
  Time since last request: 121.074366 seconds.
  path: Assets/tanks_new_unity_input-main 1/Assets/Scripts/Menu.cs
  artifactKey: Guid(5ab9b99774fecc649b0b12c421b085d4) Importer(815301076,1909f56bfc062723c751e8b465ee728b)
Start importing Assets/tanks_new_unity_input-main 1/Assets/Scripts/Menu.cs using Guid(5ab9b99774fecc649b0b12c421b085d4) Importer(815301076,1909f56bfc062723c751e8b465ee728b)  -> (artifact id: '009479b9bebeb2a5c2e8bd2615ad0659') in 0.005859 seconds
  Import took 0.008612 seconds .

========================================================================
Received Prepare
Registering precompiled user dll's ...
Registered in 0.001396 seconds.
Begin MonoManager ReloadAssembly
Native extension for WindowsStandalone target not found
Refreshing native plugins compatible for Editor in 0.41 ms, found 0 plugins.
Preloading 0 native plugins for Editor in 0.00 ms.
Invoked RoslynAnalysisRunner static constructor.
RoslynAnalysisRunner will not be running.
RoslynAnalysisRunner has terminated.
Mono: successfully reloaded assembly
- Completed reload, in  0.882 seconds
Platform modules already initialized, skipping
Refreshing native plugins compatible for Editor in 0.33 ms, found 0 plugins.
Preloading 0 native plugins for Editor in 0.00 ms.
Unloading 1412 Unused Serialized files (Serialized files now loaded: 0)
System memory in use before: 72.6 MB.
System memory in use after: 72.6 MB.

Unloading 7 unused Assets to reduce memory usage. Loaded Objects now: 1989.
Total: 2.289800 ms (FindLiveObjects: 0.315100 ms CreateObjectMapping: 0.086300 ms MarkObjects: 1.815900 ms  DeleteObjects: 0.070900 ms)

========================================================================
Received Prepare
Registering precompiled user dll's ...
Registered in 0.001161 seconds.
Begin MonoManager ReloadAssembly
Native extension for WindowsStandalone target not found
Refreshing native plugins compatible for Editor in 0.29 ms, found 0 plugins.
Preloading 0 native plugins for Editor in 0.00 ms.
Invoked RoslynAnalysisRunner static constructor.
RoslynAnalysisRunner will not be running.
RoslynAnalysisRunner has terminated.
Mono: successfully reloaded assembly
- Completed reload, in  0.814 seconds
Platform modules already initialized, skipping
Refreshing native plugins compatible for Editor in 0.34 ms, found 0 plugins.
Preloading 0 native plugins for Editor in 0.00 ms.
Unloading 1412 Unused Serialized files (Serialized files now loaded: 0)
System memory in use before: 72.6 MB.
System memory in use after: 72.6 MB.

Unloading 5 unused Assets to reduce memory usage. Loaded Objects now: 1992.
Total: 2.417400 ms (FindLiveObjects: 0.200000 ms CreateObjectMapping: 0.035300 ms MarkObjects: 2.114100 ms  DeleteObjects: 0.066800 ms)

========================================================================
Received Import Request.
  Time since last request: 627.382937 seconds.
  path: Assets/tanks_new_unity_input-main 1/Assets/Scripts/Menu.cs
  artifactKey: Guid(5ab9b99774fecc649b0b12c421b085d4) Importer(815301076,1909f56bfc062723c751e8b465ee728b)
Start importing Assets/tanks_new_unity_input-main 1/Assets/Scripts/Menu.cs using Guid(5ab9b99774fecc649b0b12c421b085d4) Importer(815301076,1909f56bfc062723c751e8b465ee728b)  -> (artifact id: 'c3c7d641bb9c0217e1b6ae96f514e940') in 0.011072 seconds
  Import took 0.013848 seconds .

========================================================================
Received Prepare
Registering precompiled user dll's ...
Registered in 0.002175 seconds.
Begin MonoManager ReloadAssembly
Native extension for WindowsStandalone target not found
Refreshing native plugins compatible for Editor in 0.29 ms, found 0 plugins.
Preloading 0 native plugins for Editor in 0.00 ms.
Invoked RoslynAnalysisRunner static constructor.
RoslynAnalysisRunner will not be running.
RoslynAnalysisRunner has terminated.
Mono: successfully reloaded assembly
- Completed reload, in  0.806 seconds
Platform modules already initialized, skipping
Refreshing native plugins compatible for Editor in 0.36 ms, found 0 plugins.
Preloading 0 native plugins for Editor in 0.00 ms.
Unloading 1412 Unused Serialized files (Serialized files now loaded: 0)
System memory in use before: 72.6 MB.
System memory in use after: 72.7 MB.

Unloading 5 unused Assets to reduce memory usage. Loaded Objects now: 1995.
Total: 2.208600 ms (FindLiveObjects: 0.216000 ms CreateObjectMapping: 0.036700 ms MarkObjects: 1.883100 ms  DeleteObjects: 0.071200 ms)

========================================================================
Received Import Request.
  Time since last request: 102.002030 seconds.
  path: Assets/tanks_new_unity_input-main 1/Assets/Scenes/Menu.unity
  artifactKey: Guid(a19659337b701944e9991fc0b3b98382) Importer(815301076,1909f56bfc062723c751e8b465ee728b)
Start importing Assets/tanks_new_unity_input-main 1/Assets/Scenes/Menu.unity using Guid(a19659337b701944e9991fc0b3b98382) Importer(815301076,1909f56bfc062723c751e8b465ee728b)  -> (artifact id: '4b5c22ba00606ce201d0ae25b576569e') in 0.016783 seconds
  Import took 0.091968 seconds .

========================================================================
Received Prepare
Registering precompiled user dll's ...
Registered in 0.001090 seconds.
Begin MonoManager ReloadAssembly
Native extension for WindowsStandalone target not found
Refreshing native plugins compatible for Editor in 0.29 ms, found 0 plugins.
Preloading 0 native plugins for Editor in 0.00 ms.
Invoked RoslynAnalysisRunner static constructor.
RoslynAnalysisRunner will not be running.
RoslynAnalysisRunner has terminated.
Mono: successfully reloaded assembly
- Completed reload, in  0.801 seconds
Platform modules already initialized, skipping
Refreshing native plugins compatible for Editor in 0.29 ms, found 0 plugins.
Preloading 0 native plugins for Editor in 0.00 ms.
Unloading 1412 Unused Serialized files (Serialized files now loaded: 0)
System memory in use before: 72.6 MB.
System memory in use after: 72.7 MB.

Unloading 5 unused Assets to reduce memory usage. Loaded Objects now: 1998.
Total: 2.399400 ms (FindLiveObjects: 0.255800 ms CreateObjectMapping: 0.065600 ms MarkObjects: 2.008500 ms  DeleteObjects: 0.068400 ms)

========================================================================
Received Prepare
Registering precompiled user dll's ...
Registered in 0.001577 seconds.
Begin MonoManager ReloadAssembly
Native extension for WindowsStandalone target not found
Refreshing native plugins compatible for Editor in 0.30 ms, found 0 plugins.
Preloading 0 native plugins for Editor in 0.00 ms.
Invoked RoslynAnalysisRunner static constructor.
RoslynAnalysisRunner will not be running.
RoslynAnalysisRunner has terminated.
Mono: successfully reloaded assembly
- Completed reload, in  0.816 seconds
Platform modules already initialized, skipping
Refreshing native plugins compatible for Editor in 0.29 ms, found 0 plugins.
Preloading 0 native plugins for Editor in 0.00 ms.
Unloading 1412 Unused Serialized files (Serialized files now loaded: 0)
System memory in use before: 72.6 MB.
System memory in use after: 72.7 MB.

Unloading 5 unused Assets to reduce memory usage. Loaded Objects now: 2001.
Total: 2.788200 ms (FindLiveObjects: 0.295500 ms CreateObjectMapping: 0.082000 ms MarkObjects: 2.332500 ms  DeleteObjects: 0.076200 ms)

========================================================================
Received Prepare
Registering precompiled user dll's ...
Registered in 0.001244 seconds.
Begin MonoManager ReloadAssembly
Native extension for WindowsStandalone target not found
Refreshing native plugins compatible for Editor in 0.31 ms, found 0 plugins.
Preloading 0 native plugins for Editor in 0.00 ms.
Invoked RoslynAnalysisRunner static constructor.
RoslynAnalysisRunner will not be running.
RoslynAnalysisRunner has terminated.
Mono: successfully reloaded assembly
- Completed reload, in  0.821 seconds
Platform modules already initialized, skipping
Refreshing native plugins compatible for Editor in 0.28 ms, found 0 plugins.
Preloading 0 native plugins for Editor in 0.00 ms.
Unloading 1412 Unused Serialized files (Serialized files now loaded: 0)
System memory in use before: 72.6 MB.
System memory in use after: 72.7 MB.

Unloading 5 unused Assets to reduce memory usage. Loaded Objects now: 2004.
Total: 2.612300 ms (FindLiveObjects: 0.256900 ms CreateObjectMapping: 0.068000 ms MarkObjects: 2.219600 ms  DeleteObjects: 0.066000 ms)

========================================================================
Received Import Request.
  Time since last request: 828.419219 seconds.
  path: Assets/tanks_new_unity_input-main 1/Assets/Scenes/Menu.unity
  artifactKey: Guid(a19659337b701944e9991fc0b3b98382) Importer(815301076,1909f56bfc062723c751e8b465ee728b)
Start importing Assets/tanks_new_unity_input-main 1/Assets/Scenes/Menu.unity using Guid(a19659337b701944e9991fc0b3b98382) Importer(815301076,1909f56bfc062723c751e8b465ee728b)  -> (artifact id: '05fa4eb33f6b0e6e180051d20695d58e') in 0.015981 seconds
  Import took 0.107065 seconds .

========================================================================
Received Prepare
Registering precompiled user dll's ...
Registered in 0.001176 seconds.
Begin MonoManager ReloadAssembly
Native extension for WindowsStandalone target not found
Refreshing native plugins compatible for Editor in 0.29 ms, found 0 plugins.
Preloading 0 native plugins for Editor in 0.00 ms.
Invoked RoslynAnalysisRunner static constructor.
RoslynAnalysisRunner will not be running.
RoslynAnalysisRunner has terminated.
Mono: successfully reloaded assembly
- Completed reload, in  0.812 seconds
Platform modules already initialized, skipping
Refreshing native plugins compatible for Editor in 0.28 ms, found 0 plugins.
Preloading 0 native plugins for Editor in 0.00 ms.
Unloading 1412 Unused Serialized files (Serialized files now loaded: 0)
System memory in use before: 72.6 MB.
System memory in use after: 72.7 MB.

Unloading 5 unused Assets to reduce memory usage. Loaded Objects now: 2007.
Total: 3.027200 ms (FindLiveObjects: 0.206300 ms CreateObjectMapping: 0.035900 ms MarkObjects: 2.707800 ms  DeleteObjects: 0.075800 ms)

========================================================================
Received Import Request.
  Time since last request: 521.238255 seconds.
  path: Assets/tanks_new_unity_input-main 1/Assets/Scripts/GameManager.cs
  artifactKey: Guid(b8fcbc103efd4484dbec0140568b2bfc) Importer(815301076,1909f56bfc062723c751e8b465ee728b)
Start importing Assets/tanks_new_unity_input-main 1/Assets/Scripts/GameManager.cs using Guid(b8fcbc103efd4484dbec0140568b2bfc) Importer(815301076,1909f56bfc062723c751e8b465ee728b)  -> (artifact id: '3bd701897c3a27759445cb322ebb367f') in 0.008664 seconds
  Import took 0.105618 seconds .

========================================================================
Received Prepare
Registering precompiled user dll's ...
Registered in 0.001473 seconds.
Begin MonoManager ReloadAssembly
Native extension for WindowsStandalone target not found
Refreshing native plugins compatible for Editor in 0.31 ms, found 0 plugins.
Preloading 0 native plugins for Editor in 0.00 ms.
Invoked RoslynAnalysisRunner static constructor.
RoslynAnalysisRunner will not be running.
RoslynAnalysisRunner has terminated.
Mono: successfully reloaded assembly
- Completed reload, in  0.811 seconds
Platform modules already initialized, skipping
Refreshing native plugins compatible for Editor in 0.30 ms, found 0 plugins.
Preloading 0 native plugins for Editor in 0.00 ms.
Unloading 1412 Unused Serialized files (Serialized files now loaded: 0)
System memory in use before: 72.6 MB.
System memory in use after: 72.7 MB.

Unloading 5 unused Assets to reduce memory usage. Loaded Objects now: 2010.
Total: 2.205500 ms (FindLiveObjects: 0.203000 ms CreateObjectMapping: 0.037200 ms MarkObjects: 1.893900 ms  DeleteObjects: 0.069900 ms)

========================================================================
Received Prepare
Registering precompiled user dll's ...
Registered in 0.001130 seconds.
Begin MonoManager ReloadAssembly
Native extension for WindowsStandalone target not found
Refreshing native plugins compatible for Editor in 0.29 ms, found 0 plugins.
Preloading 0 native plugins for Editor in 0.00 ms.
Invoked RoslynAnalysisRunner static constructor.
RoslynAnalysisRunner will not be running.
RoslynAnalysisRunner has terminated.
Mono: successfully reloaded assembly
- Completed reload, in  0.806 seconds
Platform modules already initialized, skipping
Refreshing native plugins compatible for Editor in 0.29 ms, found 0 plugins.
Preloading 0 native plugins for Editor in 0.00 ms.
Unloading 1412 Unused Serialized files (Serialized files now loaded: 0)
System memory in use before: 72.6 MB.
System memory in use after: 72.7 MB.

Unloading 5 unused Assets to reduce memory usage. Loaded Objects now: 2013.
Total: 3.083300 ms (FindLiveObjects: 0.192600 ms CreateObjectMapping: 0.043100 ms MarkObjects: 2.777400 ms  DeleteObjects: 0.069400 ms)

========================================================================
Received Prepare
Registering precompiled user dll's ...
Registered in 0.001203 seconds.
Begin MonoManager ReloadAssembly
Native extension for WindowsStandalone target not found
Refreshing native plugins compatible for Editor in 0.29 ms, found 0 plugins.
Preloading 0 native plugins for Editor in 0.00 ms.
Invoked RoslynAnalysisRunner static constructor.
RoslynAnalysisRunner will not be running.
RoslynAnalysisRunner has terminated.
Mono: successfully reloaded assembly
- Completed reload, in  0.817 seconds
Platform modules already initialized, skipping
Refreshing native plugins compatible for Editor in 0.27 ms, found 0 plugins.
Preloading 0 native plugins for Editor in 0.00 ms.
Unloading 1412 Unused Serialized files (Serialized files now loaded: 0)
System memory in use before: 72.6 MB.
System memory in use after: 72.7 MB.

Unloading 5 unused Assets to reduce memory usage. Loaded Objects now: 2016.
Total: 2.398000 ms (FindLiveObjects: 0.220000 ms CreateObjectMapping: 0.035100 ms MarkObjects: 2.072300 ms  DeleteObjects: 0.068800 ms)

========================================================================
Received Prepare
Registering precompiled user dll's ...
Registered in 0.001085 seconds.
Begin MonoManager ReloadAssembly
Native extension for WindowsStandalone target not found
Refreshing native plugins compatible for Editor in 0.32 ms, found 0 plugins.
Preloading 0 native plugins for Editor in 0.00 ms.
Invoked RoslynAnalysisRunner static constructor.
RoslynAnalysisRunner will not be running.
RoslynAnalysisRunner has terminated.
Mono: successfully reloaded assembly
- Completed reload, in  0.830 seconds
Platform modules already initialized, skipping
Refreshing native plugins compatible for Editor in 0.31 ms, found 0 plugins.
Preloading 0 native plugins for Editor in 0.00 ms.
Unloading 1412 Unused Serialized files (Serialized files now loaded: 0)
System memory in use before: 72.6 MB.
System memory in use after: 72.7 MB.

Unloading 5 unused Assets to reduce memory usage. Loaded Objects now: 2019.
Total: 2.341100 ms (FindLiveObjects: 0.230900 ms CreateObjectMapping: 0.035100 ms MarkObjects: 2.000400 ms  DeleteObjects: 0.072500 ms)

========================================================================
Received Prepare
Registering precompiled user dll's ...
Registered in 0.001060 seconds.
Begin MonoManager ReloadAssembly
Native extension for WindowsStandalone target not found
Refreshing native plugins compatible for Editor in 0.31 ms, found 0 plugins.
Preloading 0 native plugins for Editor in 0.00 ms.
Invoked RoslynAnalysisRunner static constructor.
RoslynAnalysisRunner will not be running.
RoslynAnalysisRunner has terminated.
Mono: successfully reloaded assembly
- Completed reload, in  0.803 seconds
Platform modules already initialized, skipping
Refreshing native plugins compatible for Editor in 0.40 ms, found 0 plugins.
Preloading 0 native plugins for Editor in 0.00 ms.
Unloading 1412 Unused Serialized files (Serialized files now loaded: 0)
System memory in use before: 72.7 MB.
System memory in use after: 72.7 MB.

Unloading 5 unused Assets to reduce memory usage. Loaded Objects now: 2022.
Total: 2.239400 ms (FindLiveObjects: 0.281500 ms CreateObjectMapping: 0.046900 ms MarkObjects: 1.837800 ms  DeleteObjects: 0.071700 ms)

========================================================================
Received Prepare
Registering precompiled user dll's ...
Registered in 0.001466 seconds.
Begin MonoManager ReloadAssembly
Native extension for WindowsStandalone target not found
Refreshing native plugins compatible for Editor in 0.30 ms, found 0 plugins.
Preloading 0 native plugins for Editor in 0.00 ms.
Invoked RoslynAnalysisRunner static constructor.
RoslynAnalysisRunner will not be running.
RoslynAnalysisRunner has terminated.
Mono: successfully reloaded assembly
- Completed reload, in  0.834 seconds
Platform modules already initialized, skipping
Refreshing native plugins compatible for Editor in 0.39 ms, found 0 plugins.
Preloading 0 native plugins for Editor in 0.00 ms.
Unloading 1412 Unused Serialized files (Serialized files now loaded: 0)
System memory in use before: 72.7 MB.
System memory in use after: 72.7 MB.

Unloading 5 unused Assets to reduce memory usage. Loaded Objects now: 2025.
Total: 2.909900 ms (FindLiveObjects: 0.277200 ms CreateObjectMapping: 0.084800 ms MarkObjects: 2.449200 ms  DeleteObjects: 0.096900 ms)

========================================================================
Received Prepare
Registering precompiled user dll's ...
Registered in 0.001545 seconds.
Begin MonoManager ReloadAssembly
Native extension for WindowsStandalone target not found
Refreshing native plugins compatible for Editor in 0.29 ms, found 0 plugins.
Preloading 0 native plugins for Editor in 0.00 ms.
Invoked RoslynAnalysisRunner static constructor.
RoslynAnalysisRunner will not be running.
RoslynAnalysisRunner has terminated.
Mono: successfully reloaded assembly
- Completed reload, in  0.806 seconds
Platform modules already initialized, skipping
Refreshing native plugins compatible for Editor in 0.29 ms, found 0 plugins.
Preloading 0 native plugins for Editor in 0.00 ms.
Unloading 1412 Unused Serialized files (Serialized files now loaded: 0)
System memory in use before: 72.7 MB.
System memory in use after: 72.8 MB.

Unloading 5 unused Assets to reduce memory usage. Loaded Objects now: 2028.
Total: 2.552700 ms (FindLiveObjects: 0.233300 ms CreateObjectMapping: 0.034900 ms MarkObjects: 2.216100 ms  DeleteObjects: 0.066200 ms)

========================================================================
Received Prepare
Registering precompiled user dll's ...
Registered in 0.001130 seconds.
Begin MonoManager ReloadAssembly
Native extension for WindowsStandalone target not found
Refreshing native plugins compatible for Editor in 0.29 ms, found 0 plugins.
Preloading 0 native plugins for Editor in 0.00 ms.
Invoked RoslynAnalysisRunner static constructor.
RoslynAnalysisRunner will not be running.
RoslynAnalysisRunner has terminated.
Mono: successfully reloaded assembly
- Completed reload, in  0.817 seconds
Platform modules already initialized, skipping
Refreshing native plugins compatible for Editor in 0.31 ms, found 0 plugins.
Preloading 0 native plugins for Editor in 0.00 ms.
Unloading 1412 Unused Serialized files (Serialized files now loaded: 0)
System memory in use before: 72.7 MB.
System memory in use after: 72.8 MB.

Unloading 5 unused Assets to reduce memory usage. Loaded Objects now: 2031.
Total: 2.812400 ms (FindLiveObjects: 0.274300 ms CreateObjectMapping: 0.070200 ms MarkObjects: 2.390700 ms  DeleteObjects: 0.075100 ms)

========================================================================
Received Prepare
Registering precompiled user dll's ...
Registered in 0.001165 seconds.
Begin MonoManager ReloadAssembly
Native extension for WindowsStandalone target not found
Refreshing native plugins compatible for Editor in 0.30 ms, found 0 plugins.
Preloading 0 native plugins for Editor in 0.00 ms.
Invoked RoslynAnalysisRunner static constructor.
RoslynAnalysisRunner will not be running.
RoslynAnalysisRunner has terminated.
Mono: successfully reloaded assembly
- Completed reload, in  0.813 seconds
Platform modules already initialized, skipping
Refreshing native plugins compatible for Editor in 0.28 ms, found 0 plugins.
Preloading 0 native plugins for Editor in 0.00 ms.
Unloading 1412 Unused Serialized files (Serialized files now loaded: 0)
System memory in use before: 72.7 MB.
System memory in use after: 72.8 MB.

Unloading 5 unused Assets to reduce memory usage. Loaded Objects now: 2034.
Total: 2.451800 ms (FindLiveObjects: 0.266000 ms CreateObjectMapping: 0.085600 ms MarkObjects: 2.026600 ms  DeleteObjects: 0.072200 ms)

========================================================================
Received Import Request.
  Time since last request: 1311.637031 seconds.
  path: Assets/TextMesh Pro/Sprites/EmojiOne.png
  artifactKey: Guid(dffef66376be4fa480fb02b19edbe903) Importer(815301076,1909f56bfc062723c751e8b465ee728b)
Start importing Assets/TextMesh Pro/Sprites/EmojiOne.png using Guid(dffef66376be4fa480fb02b19edbe903) Importer(815301076,1909f56bfc062723c751e8b465ee728b)  -> (artifact id: '020ef5bd05796b6f1b5d86d1905a212b') in 0.217299 seconds
  Import took 0.220657 seconds .

========================================================================
Received Import Request.
  Time since last request: 0.000235 seconds.
  path: Assets/TextMesh Pro/Resources/Fonts & Materials/LiberationSans SDF - Fallback.asset
  artifactKey: Guid(2e498d1c8094910479dc3e1b768306a4) Importer(815301076,1909f56bfc062723c751e8b465ee728b)
Start importing Assets/TextMesh Pro/Resources/Fonts & Materials/LiberationSans SDF - Fallback.asset using Guid(2e498d1c8094910479dc3e1b768306a4) Importer(815301076,1909f56bfc062723c751e8b465ee728b)  -> (artifact id: '1339d7b3273ad276bbec75488cfdaecf') in 0.071073 seconds
  Import took 0.094227 seconds .

========================================================================
Received Import Request.
  Time since last request: 0.004205 seconds.
  path: Assets/TextMesh Pro/Resources/Fonts & Materials/LiberationSans SDF - Fallback.asset
  artifactKey: Guid(2e498d1c8094910479dc3e1b768306a4) Importer(815301076,1909f56bfc062723c751e8b465ee728b)
Start importing Assets/TextMesh Pro/Resources/Fonts & Materials/LiberationSans SDF - Fallback.asset using Guid(2e498d1c8094910479dc3e1b768306a4) Importer(815301076,1909f56bfc062723c751e8b465ee728b)  -> (artifact id: '1339d7b3273ad276bbec75488cfdaecf') in 0.020222 seconds
  Import took 0.022954 seconds .

========================================================================
Received Import Request.
  Time since last request: 1.205864 seconds.
  path: Assets/TextMesh Pro/Resources/Fonts & Materials/LiberationSans SDF.asset
  artifactKey: Guid(8f586378b4e144a9851e7b34d9b748ee) Importer(815301076,1909f56bfc062723c751e8b465ee728b)
Start importing Assets/TextMesh Pro/Resources/Fonts & Materials/LiberationSans SDF.asset using Guid(8f586378b4e144a9851e7b34d9b748ee) Importer(815301076,1909f56bfc062723c751e8b465ee728b)  -> (artifact id: '46dab971b8d78775b449f15a8f22b505') in 0.082845 seconds
  Import took 0.085645 seconds .

========================================================================
Received Import Request.
  Time since last request: 96.205584 seconds.
  path: Assets/tanks_new_unity_input-main 1/Assets/black-1072366_1920.jpg
  artifactKey: Guid(2fd2bcf9be08dae44878d52b61e42e73) Importer(815301076,1909f56bfc062723c751e8b465ee728b)
Start importing Assets/tanks_new_unity_input-main 1/Assets/black-1072366_1920.jpg using Guid(2fd2bcf9be08dae44878d52b61e42e73) Importer(815301076,1909f56bfc062723c751e8b465ee728b)  -> (artifact id: 'd75585b0866a22aef6e690dfbc1f6eef') in 0.017938 seconds
  Import took 0.020694 seconds .

========================================================================
Received Prepare
Registering precompiled user dll's ...
Registered in 0.001403 seconds.
Begin MonoManager ReloadAssembly
Native extension for WindowsStandalone target not found
Refreshing native plugins compatible for Editor in 0.29 ms, found 0 plugins.
Preloading 0 native plugins for Editor in 0.00 ms.
Invoked RoslynAnalysisRunner static constructor.
RoslynAnalysisRunner will not be running.
RoslynAnalysisRunner has terminated.
Mono: successfully reloaded assembly
- Completed reload, in  0.892 seconds
Platform modules already initialized, skipping
Refreshing native plugins compatible for Editor in 0.29 ms, found 0 plugins.
Preloading 0 native plugins for Editor in 0.00 ms.
Unloading 1412 Unused Serialized files (Serialized files now loaded: 0)
System memory in use before: 72.7 MB.
System memory in use after: 72.8 MB.

Unloading 5 unused Assets to reduce memory usage. Loaded Objects now: 2041.
Total: 2.484700 ms (FindLiveObjects: 0.204600 ms CreateObjectMapping: 0.034900 ms MarkObjects: 2.177400 ms  DeleteObjects: 0.066800 ms)

========================================================================
Received Prepare
Registering precompiled user dll's ...
Registered in 0.001110 seconds.
Begin MonoManager ReloadAssembly
Native extension for WindowsStandalone target not found
Refreshing native plugins compatible for Editor in 0.29 ms, found 0 plugins.
Preloading 0 native plugins for Editor in 0.00 ms.
Invoked RoslynAnalysisRunner static constructor.
RoslynAnalysisRunner will not be running.
RoslynAnalysisRunner has terminated.
Mono: successfully reloaded assembly
- Completed reload, in  0.924 seconds
Platform modules already initialized, skipping
Refreshing native plugins compatible for Editor in 0.29 ms, found 0 plugins.
Preloading 0 native plugins for Editor in 0.00 ms.
Unloading 1412 Unused Serialized files (Serialized files now loaded: 0)
System memory in use before: 72.7 MB.
System memory in use after: 72.8 MB.

Unloading 5 unused Assets to reduce memory usage. Loaded Objects now: 2044.
Total: 2.244900 ms (FindLiveObjects: 0.286600 ms CreateObjectMapping: 0.068000 ms MarkObjects: 1.820900 ms  DeleteObjects: 0.067200 ms)

========================================================================
Received Prepare
Registering precompiled user dll's ...
Registered in 0.001125 seconds.
Begin MonoManager ReloadAssembly
Native extension for WindowsStandalone target not found
Refreshing native plugins compatible for Editor in 0.29 ms, found 0 plugins.
Preloading 0 native plugins for Editor in 0.00 ms.
Invoked RoslynAnalysisRunner static constructor.
RoslynAnalysisRunner will not be running.
RoslynAnalysisRunner has terminated.
Mono: successfully reloaded assembly
- Completed reload, in  0.828 seconds
Platform modules already initialized, skipping
Refreshing native plugins compatible for Editor in 0.33 ms, found 0 plugins.
Preloading 0 native plugins for Editor in 0.00 ms.
Unloading 1412 Unused Serialized files (Serialized files now loaded: 0)
System memory in use before: 72.7 MB.
System memory in use after: 72.8 MB.

Unloading 5 unused Assets to reduce memory usage. Loaded Objects now: 2047.
Total: 2.595800 ms (FindLiveObjects: 0.325100 ms CreateObjectMapping: 0.086600 ms MarkObjects: 2.115400 ms  DeleteObjects: 0.067100 ms)

========================================================================
Received Prepare
Registering precompiled user dll's ...
Registered in 0.001711 seconds.
Begin MonoManager ReloadAssembly
Native extension for WindowsStandalone target not found
Refreshing native plugins compatible for Editor in 0.30 ms, found 0 plugins.
Preloading 0 native plugins for Editor in 0.00 ms.
Invoked RoslynAnalysisRunner static constructor.
RoslynAnalysisRunner will not be running.
RoslynAnalysisRunner has terminated.
Mono: successfully reloaded assembly
- Completed reload, in  0.802 seconds
Platform modules already initialized, skipping
Refreshing native plugins compatible for Editor in 0.31 ms, found 0 plugins.
Preloading 0 native plugins for Editor in 0.00 ms.
Unloading 1412 Unused Serialized files (Serialized files now loaded: 0)
System memory in use before: 72.7 MB.
System memory in use after: 72.8 MB.

Unloading 5 unused Assets to reduce memory usage. Loaded Objects now: 2050.
Total: 2.168600 ms (FindLiveObjects: 0.204400 ms CreateObjectMapping: 0.035400 ms MarkObjects: 1.860500 ms  DeleteObjects: 0.066300 ms)

========================================================================
Received Prepare
Registering precompiled user dll's ...
Registered in 0.001256 seconds.
Begin MonoManager ReloadAssembly
Native extension for WindowsStandalone target not found
Refreshing native plugins compatible for Editor in 0.30 ms, found 0 plugins.
Preloading 0 native plugins for Editor in 0.00 ms.
Invoked RoslynAnalysisRunner static constructor.
RoslynAnalysisRunner will not be running.
RoslynAnalysisRunner has terminated.
Mono: successfully reloaded assembly
- Completed reload, in  0.815 seconds
Platform modules already initialized, skipping
Refreshing native plugins compatible for Editor in 0.32 ms, found 0 plugins.
Preloading 0 native plugins for Editor in 0.00 ms.
Unloading 1412 Unused Serialized files (Serialized files now loaded: 0)
System memory in use before: 72.8 MB.
System memory in use after: 72.8 MB.

Unloading 5 unused Assets to reduce memory usage. Loaded Objects now: 2053.
Total: 2.050900 ms (FindLiveObjects: 0.236200 ms CreateObjectMapping: 0.037500 ms MarkObjects: 1.709700 ms  DeleteObjects: 0.066300 ms)

========================================================================
Received Prepare
Registering precompiled user dll's ...
Registered in 0.001741 seconds.
Begin MonoManager ReloadAssembly
Native extension for WindowsStandalone target not found
Refreshing native plugins compatible for Editor in 0.32 ms, found 0 plugins.
Preloading 0 native plugins for Editor in 0.00 ms.
Invoked RoslynAnalysisRunner static constructor.
RoslynAnalysisRunner will not be running.
RoslynAnalysisRunner has terminated.
Mono: successfully reloaded assembly
- Completed reload, in  0.810 seconds
Platform modules already initialized, skipping
Refreshing native plugins compatible for Editor in 0.28 ms, found 0 plugins.
Preloading 0 native plugins for Editor in 0.00 ms.
Unloading 1412 Unused Serialized files (Serialized files now loaded: 0)
System memory in use before: 72.8 MB.
System memory in use after: 72.8 MB.

Unloading 5 unused Assets to reduce memory usage. Loaded Objects now: 2056.
Total: 2.440900 ms (FindLiveObjects: 0.205900 ms CreateObjectMapping: 0.037300 ms MarkObjects: 2.129000 ms  DeleteObjects: 0.067500 ms)

AssetImportWorkerClient::OnTransportError - code=2 error=End of file
